<?xml version="1.0" encoding="UTF-8"?>
<robot generator="Robot 4.1.3 (Python 3.10.1 on win32)" generated="20221010 20:54:09.471" rpa="false" schemaversion="2">
<suite id="s1" name="NGG-TC-189 Does not repeat Remove Dining Location" source="C:\Users\Alejandro\Desktop\Does not Repeat\NGG-TC-189 Does not repeat Remove Dining Location.robot">
<kw name="web setup" library="Keywords" type="SETUP">
<kw name="Open Browser" library="SeleniumLibrary">
<arg>${website}</arg>
<arg>${browser}</arg>
<doc>Opens a new browser instance to the optional ``url``.</doc>
<msg timestamp="20221010 20:54:09.644" level="INFO">Opening browser 'gc' to base url 'http://dev.www.engage360.evacompute.com:8080/'.</msg>
<status status="PASS" starttime="20221010 20:54:09.643" endtime="20221010 20:54:13.067"/>
</kw>
<kw name="Maximize Browser Window" library="SeleniumLibrary">
<doc>Maximizes current browser window.</doc>
<status status="PASS" starttime="20221010 20:54:13.067" endtime="20221010 20:54:14.761"/>
</kw>
<kw name="Set Selenium Implicit Wait" library="SeleniumLibrary">
<arg>15 s</arg>
<doc>Sets the implicit wait value used by Selenium.</doc>
<status status="PASS" starttime="20221010 20:54:14.761" endtime="20221010 20:54:14.763"/>
</kw>
<kw name="Wait Until Element Is Visible" library="SeleniumLibrary">
<arg>css=#kc-header</arg>
<doc>Waits until the element ``locator`` is visible.</doc>
<status status="PASS" starttime="20221010 20:54:14.764" endtime="20221010 20:54:14.791"/>
</kw>
<kw name="Title Should Be" library="SeleniumLibrary">
<arg>Log in to ENGAGE360</arg>
<doc>Verifies that the current page title equals ``title``.</doc>
<msg timestamp="20221010 20:54:14.796" level="INFO">Page title is 'Log in to ENGAGE360'.</msg>
<status status="PASS" starttime="20221010 20:54:14.791" endtime="20221010 20:54:14.797"/>
</kw>
<kw name="Wait Until Element Is Visible" library="SeleniumLibrary">
<arg>id=username</arg>
<doc>Waits until the element ``locator`` is visible.</doc>
<status status="PASS" starttime="20221010 20:54:14.797" endtime="20221010 20:54:14.818"/>
</kw>
<kw name="Click Element" library="SeleniumLibrary">
<arg>id=username</arg>
<doc>Click the element identified by ``locator``.</doc>
<msg timestamp="20221010 20:54:14.818" level="INFO">Clicking element 'id=username'.</msg>
<status status="PASS" starttime="20221010 20:54:14.818" endtime="20221010 20:54:14.849"/>
</kw>
<kw name="Input Text" library="SeleniumLibrary">
<arg>id=username</arg>
<arg>${Email}</arg>
<doc>Types the given ``text`` into the text field identified by ``locator``.</doc>
<msg timestamp="20221010 20:54:14.849" level="INFO">Typing text 'superUser' into text field 'id=username'.</msg>
<status status="PASS" starttime="20221010 20:54:14.849" endtime="20221010 20:54:14.885"/>
</kw>
<kw name="Click Element" library="SeleniumLibrary">
<arg>id=password</arg>
<doc>Click the element identified by ``locator``.</doc>
<msg timestamp="20221010 20:54:14.886" level="INFO">Clicking element 'id=password'.</msg>
<status status="PASS" starttime="20221010 20:54:14.886" endtime="20221010 20:54:14.920"/>
</kw>
<kw name="Input Text" library="SeleniumLibrary">
<arg>id=password</arg>
<arg>${Password}</arg>
<doc>Types the given ``text`` into the text field identified by ``locator``.</doc>
<msg timestamp="20221010 20:54:14.920" level="INFO">Typing text 'SuperAdmin1@' into text field 'id=password'.</msg>
<status status="PASS" starttime="20221010 20:54:14.920" endtime="20221010 20:54:14.973"/>
</kw>
<kw name="Click Button" library="SeleniumLibrary">
<arg>name=login</arg>
<doc>Clicks the button identified by ``locator``.</doc>
<msg timestamp="20221010 20:54:14.974" level="INFO">Clicking button 'name=login'.</msg>
<status status="PASS" starttime="20221010 20:54:14.973" endtime="20221010 20:54:16.448"/>
</kw>
<status status="PASS" starttime="20221010 20:54:09.643" endtime="20221010 20:54:16.448"/>
</kw>
<test id="s1-t1" name="NGG-TC-189 Menu Items - Select an existing meal/Meal does not repeat - Remove Dining Location">
<kw name="Click Element" library="SeleniumLibrary">
<arg>${Community}</arg>
<doc>Click the element identified by ``locator``.</doc>
<msg timestamp="20221010 20:54:16.450" level="INFO">Clicking element 'SuperUserCombo'.</msg>
<status status="PASS" starttime="20221010 20:54:16.449" endtime="20221010 20:54:18.197"/>
</kw>
<kw name="Drag And Drop" library="SeleniumLibrary">
<arg>${Waterford}</arg>
<arg>${Community}</arg>
<doc>Drags the element identified by ``locator`` into the ``target`` element.</doc>
<status status="PASS" starttime="20221010 20:54:18.197" endtime="20221010 20:54:18.898"/>
</kw>
<kw name="Click Element" library="SeleniumLibrary">
<arg>${Waterford}</arg>
<doc>Click the element identified by ``locator``.</doc>
<msg timestamp="20221010 20:54:18.898" level="INFO">Clicking element 'SuperUserCombo-option-30'.</msg>
<status status="PASS" starttime="20221010 20:54:18.898" endtime="20221010 20:54:18.947"/>
</kw>
<kw name="Scroll Element Into View" library="SeleniumLibrary">
<arg>${Total_Opened}</arg>
<doc>Scrolls the element identified by ``locator`` into view.</doc>
<status status="PASS" starttime="20221010 20:54:18.948" endtime="20221010 20:54:19.313"/>
</kw>
<kw name="Element Should Be Visible" library="SeleniumLibrary">
<arg>${Total_Opened}</arg>
<arg>Total Opened</arg>
<doc>Verifies that the element identified by ``locator`` is visible.</doc>
<msg timestamp="20221010 20:54:19.515" level="INFO">Element 'id=repairPage_Image' is displayed.</msg>
<status status="PASS" starttime="20221010 20:54:19.313" endtime="20221010 20:54:19.515"/>
</kw>
<kw name="Mouse Over" library="SeleniumLibrary">
<arg>${Total_Opened}</arg>
<doc>Simulates hovering the mouse over the element ``locator``.</doc>
<msg timestamp="20221010 20:54:19.516" level="INFO">Simulating Mouse Over on element 'id=repairPage_Image'.</msg>
<status status="PASS" starttime="20221010 20:54:19.515" endtime="20221010 20:54:19.789"/>
</kw>
<kw name="Wait Until Element Is Visible" library="SeleniumLibrary">
<arg>${Dinning}</arg>
<doc>Waits until the element ``locator`` is visible.</doc>
<status status="PASS" starttime="20221010 20:54:19.789" endtime="20221010 20:54:19.806"/>
</kw>
<kw name="Scroll Element Into View" library="SeleniumLibrary">
<arg>${Dinning}</arg>
<doc>Scrolls the element identified by ``locator`` into view.</doc>
<status status="PASS" starttime="20221010 20:54:19.806" endtime="20221010 20:54:20.071"/>
</kw>
<kw name="Click Element" library="SeleniumLibrary">
<arg>${Dinning}</arg>
<doc>Click the element identified by ``locator``.</doc>
<msg timestamp="20221010 20:54:20.072" level="INFO">Clicking element 'id=SideNav_Menu_Dinning'.</msg>
<status status="PASS" starttime="20221010 20:54:20.072" endtime="20221010 20:54:20.271"/>
</kw>
<kw name="Scroll Element Into View" library="SeleniumLibrary">
<arg>${Community}</arg>
<doc>Scrolls the element identified by ``locator`` into view.</doc>
<status status="PASS" starttime="20221010 20:54:20.272" endtime="20221010 20:54:20.598"/>
</kw>
<kw name="Element Should Be Visible" library="SeleniumLibrary">
<arg>${Community}</arg>
<arg>Waterford Community</arg>
<doc>Verifies that the element identified by ``locator`` is visible.</doc>
<msg timestamp="20221010 20:54:20.790" level="INFO">Element 'SuperUserCombo' is displayed.</msg>
<status status="PASS" starttime="20221010 20:54:20.598" endtime="20221010 20:54:20.791"/>
</kw>
<kw name="Execute Javascript" library="SeleniumLibrary">
<arg>${DateMeal}</arg>
<doc>Executes the given JavaScript code with possible arguments.</doc>
<msg timestamp="20221010 20:54:20.792" level="INFO">Executing JavaScript:
document.getElementsByClassName('MuiGrid-root rowEngageStyleList MuiGrid-container MuiGrid-align-items-xs-center MuiGrid-justify-content-xs-center MuiGrid-grid-xs-12')[0].click()
Without any arguments.</msg>
<status status="PASS" starttime="20221010 20:54:20.792" endtime="20221010 20:54:20.959"/>
</kw>
<kw name="Click Element" library="SeleniumLibrary">
<arg>${dining_description}</arg>
<doc>Click the element identified by ``locator``.</doc>
<msg timestamp="20221010 20:54:20.960" level="INFO">Clicking element 'id=add_dining_description'.</msg>
<status status="PASS" starttime="20221010 20:54:20.960" endtime="20221010 20:54:21.271"/>
</kw>
<kw name="Click Element" library="SeleniumLibrary">
<arg>${dining_description}</arg>
<doc>Click the element identified by ``locator``.</doc>
<msg timestamp="20221010 20:54:21.272" level="INFO">Clicking element 'id=add_dining_description'.</msg>
<status status="PASS" starttime="20221010 20:54:21.271" endtime="20221010 20:54:21.297"/>
</kw>
<kw name="Click Element" library="SeleniumLibrary">
<arg>${image}</arg>
<doc>Click the element identified by ``locator``.</doc>
<msg timestamp="20221010 20:54:21.299" level="INFO">Clicking element 'name=image_url'.</msg>
<status status="PASS" starttime="20221010 20:54:21.299" endtime="20221010 20:54:21.399"/>
</kw>
<kw name="Input Text" library="SeleniumLibrary">
<arg>${image}</arg>
<arg>fruits</arg>
<doc>Types the given ``text`` into the text field identified by ``locator``.</doc>
<msg timestamp="20221010 20:54:21.400" level="INFO">Typing text 'fruits' into text field 'name=image_url'.</msg>
<status status="PASS" starttime="20221010 20:54:21.399" endtime="20221010 20:54:21.590"/>
</kw>
<kw name="Click Element" library="SeleniumLibrary">
<arg>${tags}</arg>
<doc>Click the element identified by ``locator``.</doc>
<msg timestamp="20221010 20:54:21.591" level="INFO">Clicking element 'id=add_dining_tags'.</msg>
<status status="PASS" starttime="20221010 20:54:21.591" endtime="20221010 20:54:21.668"/>
</kw>
<kw name="Wait Until Element Is Visible" library="SeleniumLibrary">
<arg>${Breakfast}</arg>
<doc>Waits until the element ``locator`` is visible.</doc>
<status status="PASS" starttime="20221010 20:54:21.669" endtime="20221010 20:54:21.691"/>
</kw>
<kw name="Sleep" library="BuiltIn">
<arg>2</arg>
<doc>Pauses the test executed for the given time.</doc>
<msg timestamp="20221010 20:54:23.704" level="INFO">Slept 2 seconds</msg>
<status status="PASS" starttime="20221010 20:54:21.691" endtime="20221010 20:54:23.704"/>
</kw>
<kw name="Unselect Checkbox" library="SeleniumLibrary">
<arg>${Dinning Room}</arg>
<doc>Removes the selection of checkbox identified by ``locator``.</doc>
<msg timestamp="20221010 20:54:23.705" level="INFO">Unselecting checkbox 'id=location_checkbox_633de470e331b50b3453ae72'.</msg>
<status status="PASS" starttime="20221010 20:54:23.704" endtime="20221010 20:54:23.855"/>
</kw>
<kw name="Scroll Element Into View" library="SeleniumLibrary">
<arg>${Start-Date}</arg>
<doc>Scrolls the element identified by ``locator`` into view.</doc>
<status status="PASS" starttime="20221010 20:54:23.855" endtime="20221010 20:54:24.149"/>
</kw>
<kw name="Wait Until Element Is Visible" library="SeleniumLibrary">
<arg>${Start-Date}</arg>
<doc>Waits until the element ``locator`` is visible.</doc>
<status status="PASS" starttime="20221010 20:54:24.149" endtime="20221010 20:54:24.161"/>
</kw>
<kw name="Click Element" library="SeleniumLibrary">
<arg>${Start-Date}</arg>
<doc>Click the element identified by ``locator``.</doc>
<msg timestamp="20221010 20:54:24.161" level="INFO">Clicking element 'id=add_dining_start_date'.</msg>
<status status="PASS" starttime="20221010 20:54:24.161" endtime="20221010 20:54:24.197"/>
</kw>
<kw name="Scroll Element Into View" library="SeleniumLibrary">
<arg>${BtnSave}</arg>
<doc>Scrolls the element identified by ``locator`` into view.</doc>
<status status="PASS" starttime="20221010 20:54:24.197" endtime="20221010 20:54:24.477"/>
</kw>
<kw name="Wait Until Element Is Visible" library="SeleniumLibrary">
<arg>${BtnSave}</arg>
<doc>Waits until the element ``locator`` is visible.</doc>
<status status="PASS" starttime="20221010 20:54:24.477" endtime="20221010 20:54:24.486"/>
</kw>
<kw name="Click Element" library="SeleniumLibrary">
<arg>${BtnSave}</arg>
<doc>Click the element identified by ``locator``.</doc>
<msg timestamp="20221010 20:54:24.487" level="INFO">Clicking element 'id=add_dining_save_btn'.</msg>
<status status="PASS" starttime="20221010 20:54:24.487" endtime="20221010 20:54:24.574"/>
</kw>
<tag>Case 1</tag>
<tag>Validation Test</tag>
<status status="PASS" starttime="20221010 20:54:16.448" endtime="20221010 20:54:24.575"/>
</test>
<doc>CMS-Engage360 Community Waterford</doc>
<status status="PASS" starttime="20221010 20:54:09.472" endtime="20221010 20:54:24.577"/>
</suite>
<statistics>
<total>
<stat pass="1" fail="0" skip="0">All Tests</stat>
</total>
<tag>
<stat pass="1" fail="0" skip="0">Case 1</stat>
<stat pass="1" fail="0" skip="0">Validation Test</stat>
</tag>
<suite>
<stat pass="1" fail="0" skip="0" id="s1" name="NGG-TC-189 Does not repeat Remove Dining Location">NGG-TC-189 Does not repeat Remove Dining Location</stat>
</suite>
</statistics>
<errors>
</errors>
</robot>
